;  LST file generated by mikroListExporter - v.2.0 
; Date/Time: 12/07/2012 7:22:52 AM
;----------------------------------------------

;Address Opcode 	ASM
0x0000	0x29B0      	GOTO       432
_Div_16x16_U:
;__Lib_Math.c,215 :: 		
;__Lib_Math.c,222 :: 		
0x0003	0x1283      	BCF        STATUS, 5
;__Lib_Math.c,223 :: 		
0x0004	0x1303      	BCF        STATUS, 6
;__Lib_Math.c,224 :: 		
0x0005	0x01F8      	CLRF       R8
;__Lib_Math.c,225 :: 		
0x0006	0x01F9      	CLRF       R9
;__Lib_Math.c,226 :: 		
0x0007	0x3010      	MOVLW      16
;__Lib_Math.c,227 :: 		
0x0008	0x00FC      	MOVWF      R12
;__Lib_Math.c,228 :: 		
0x0009	0x0D71      	RLF        R1, 0
;__Lib_Math.c,229 :: 		
0x000A	0x0DF8      	RLF        R8, 1
;__Lib_Math.c,230 :: 		
0x000B	0x0DF9      	RLF        R9, 1
;__Lib_Math.c,231 :: 		
0x000C	0x0874      	MOVF       R4, 0
;__Lib_Math.c,232 :: 		
0x000D	0x02F8      	SUBWF      R8, 1
;__Lib_Math.c,233 :: 		
0x000E	0x0875      	MOVF       R5, 0
;__Lib_Math.c,234 :: 		
0x000F	0x1C03      	BTFSS      STATUS, 0
;__Lib_Math.c,235 :: 		
0x0010	0x0F75      	INCFSZ     R5, 0
;__Lib_Math.c,236 :: 		
0x0011	0x02F9      	SUBWF      R9, 1
;__Lib_Math.c,237 :: 		
0x0012	0x1803      	BTFSC      STATUS, 0
;__Lib_Math.c,238 :: 		
0x0013	0x281B      	GOTO       $+8
;__Lib_Math.c,239 :: 		
0x0014	0x0874      	MOVF       R4, 0
;__Lib_Math.c,240 :: 		
0x0015	0x07F8      	ADDWF      R8, 1
;__Lib_Math.c,241 :: 		
0x0016	0x0875      	MOVF       R5, 0
;__Lib_Math.c,242 :: 		
0x0017	0x1803      	BTFSC      STATUS, 0
;__Lib_Math.c,243 :: 		
0x0018	0x0F75      	INCFSZ     R5, 0
;__Lib_Math.c,244 :: 		
0x0019	0x07F9      	ADDWF      R9, 1
;__Lib_Math.c,245 :: 		
0x001A	0x1003      	BCF        STATUS, 0
;__Lib_Math.c,246 :: 		
0x001B	0x0DF0      	RLF        R0, 1
;__Lib_Math.c,247 :: 		
0x001C	0x0DF1      	RLF        R1, 1
;__Lib_Math.c,248 :: 		
0x001D	0x0BFC      	DECFSZ     R12, 1
;__Lib_Math.c,249 :: 		
0x001E	0x2809      	GOTO       $-21
;__Lib_Math.c,251 :: 		
0x001F	0x0008      	RETURN
; end of _Div_16x16_U
_WordToStr:
;__Lib_Conversions.c,84 :: 		
;__Lib_Conversions.c,89 :: 		
0x0020	0x1683      	BSF        STATUS, 5
0x0021	0x1303      	BCF        STATUS, 6
0x0022	0x01C5      	CLRF       WordToStr_len_L0
L_WordToStr6:
0x0023	0x3005      	MOVLW      5
0x0024	0x0245      	SUBWF      WordToStr_len_L0, 0
0x0025	0x1803      	BTFSC      STATUS, 0
0x0026	0x282E      	GOTO       L_WordToStr7
;__Lib_Conversions.c,90 :: 		
0x0027	0x0845      	MOVF       WordToStr_len_L0, 0
0x0028	0x0744      	ADDWF      FARG_WordToStr_output, 0
0x0029	0x0084      	MOVWF      FSR
0x002A	0x3020      	MOVLW      32
0x002B	0x0080      	MOVWF      INDF
;__Lib_Conversions.c,89 :: 		
0x002C	0x0AC5      	INCF       WordToStr_len_L0, 1
;__Lib_Conversions.c,90 :: 		
0x002D	0x2823      	GOTO       L_WordToStr6
L_WordToStr7:
;__Lib_Conversions.c,91 :: 		
0x002E	0x0845      	MOVF       WordToStr_len_L0, 0
0x002F	0x0744      	ADDWF      FARG_WordToStr_output, 0
0x0030	0x0084      	MOVWF      FSR
0x0031	0x0180      	CLRF       INDF
0x0032	0x03C5      	DECF       WordToStr_len_L0, 1
;__Lib_Conversions.c,93 :: 		
L_WordToStr9:
;__Lib_Conversions.c,94 :: 		
0x0033	0x0845      	MOVF       WordToStr_len_L0, 0
0x0034	0x0744      	ADDWF      FARG_WordToStr_output, 0
0x0035	0x00C6      	MOVWF      FLOC__WordToStr
0x0036	0x300A      	MOVLW      10
0x0037	0x00F4      	MOVWF      R4
0x0038	0x01F5      	CLRF       R4+1
0x0039	0x0842      	MOVF       FARG_WordToStr_input, 0
0x003A	0x00F0      	MOVWF      R0
0x003B	0x0843      	MOVF       FARG_WordToStr_input+1, 0
0x003C	0x00F1      	MOVWF      R0+1
0x003D	0x2003      	CALL       _Div_16x16_U
0x003E	0x0878      	MOVF       R8, 0
0x003F	0x00F0      	MOVWF      R0
0x0040	0x0879      	MOVF       R8+1, 0
0x0041	0x00F1      	MOVWF      R0+1
0x0042	0x3030      	MOVLW      48
0x0043	0x07F0      	ADDWF      R0, 1
0x0044	0x1683      	BSF        STATUS, 5
0x0045	0x0846      	MOVF       FLOC__WordToStr, 0
0x0046	0x0084      	MOVWF      FSR
0x0047	0x0870      	MOVF       R0, 0
0x0048	0x0080      	MOVWF      INDF
;__Lib_Conversions.c,95 :: 		
0x0049	0x300A      	MOVLW      10
0x004A	0x00F4      	MOVWF      R4
0x004B	0x01F5      	CLRF       R4+1
0x004C	0x0842      	MOVF       FARG_WordToStr_input, 0
0x004D	0x00F0      	MOVWF      R0
0x004E	0x0843      	MOVF       FARG_WordToStr_input+1, 0
0x004F	0x00F1      	MOVWF      R0+1
0x0050	0x2003      	CALL       _Div_16x16_U
0x0051	0x0870      	MOVF       R0, 0
0x0052	0x1683      	BSF        STATUS, 5
0x0053	0x00C2      	MOVWF      FARG_WordToStr_input
0x0054	0x0871      	MOVF       R0+1, 0
0x0055	0x00C3      	MOVWF      FARG_WordToStr_input+1
;__Lib_Conversions.c,96 :: 		
0x0056	0x3000      	MOVLW      0
0x0057	0x0671      	XORWF      R0+1, 0
0x0058	0x1D03      	BTFSS      STATUS, 2
0x0059	0x285C      	GOTO       L__WordToStr96
0x005A	0x3000      	MOVLW      0
0x005B	0x0670      	XORWF      R0, 0
L__WordToStr96:
0x005C	0x1D03      	BTFSS      STATUS, 2
0x005D	0x285F      	GOTO       L_WordToStr11
;__Lib_Conversions.c,97 :: 		
0x005E	0x2861      	GOTO       L_WordToStr10
L_WordToStr11:
;__Lib_Conversions.c,98 :: 		
0x005F	0x03C5      	DECF       WordToStr_len_L0, 1
;__Lib_Conversions.c,99 :: 		
0x0060	0x2833      	GOTO       L_WordToStr9
L_WordToStr10:
;__Lib_Conversions.c,100 :: 		
0x0061	0x0008      	RETURN
; end of _WordToStr
_UART1_Write:
;__Lib_UART_c67.c,39 :: 		
;__Lib_UART_c67.c,40 :: 		
L_UART1_Write3:
0x0062	0x1683      	BSF        STATUS, 5
0x0063	0x1303      	BCF        STATUS, 6
0x0064	0x1898      	BTFSC      TXSTA, 1
0x0065	0x2868      	GOTO       L_UART1_Write4
;__Lib_UART_c67.c,41 :: 		
0x0066	0x0000      	NOP
0x0067	0x2862      	GOTO       L_UART1_Write3
L_UART1_Write4:
;__Lib_UART_c67.c,42 :: 		
0x0068	0x0842      	MOVF       FARG_UART1_Write_data_, 0
0x0069	0x1283      	BCF        STATUS, 5
0x006A	0x0099      	MOVWF      TXREG
;__Lib_UART_c67.c,43 :: 		
0x006B	0x0008      	RETURN
; end of _UART1_Write
_____DoICP:
;__Lib_System.c,6 :: 		
;__Lib_System.c,9 :: 		
0x006C	0x1283      	BCF        STATUS, 5
0x006D	0x1303      	BCF        STATUS, 6
0x006E	0x0853      	MOVF       ___DoICPAddr+1, 0
0x006F	0x008A      	MOVWF      PCLATH
;__Lib_System.c,10 :: 		
0x0070	0x0852      	MOVF       ___DoICPAddr, 0
0x0071	0x0082      	MOVWF      PCL
;__Lib_System.c,12 :: 		
0x0072	0x0008      	RETURN
; end of _____DoICP
_UART1_Read:
;__Lib_UART_c67.c,21 :: 		
;__Lib_UART_c67.c,24 :: 		
0x0073	0x1283      	BCF        STATUS, 5
0x0074	0x1303      	BCF        STATUS, 6
0x0075	0x081A      	MOVF       RCREG, 0
0x0076	0x00F1      	MOVWF      R1
;__Lib_UART_c67.c,25 :: 		
0x0077	0x1C98      	BTFSS      RCSTA, 1
0x0078	0x287B      	GOTO       L_UART1_Read2
;__Lib_UART_c67.c,26 :: 		
0x0079	0x1218      	BCF        RCSTA, 4
;__Lib_UART_c67.c,27 :: 		
0x007A	0x1618      	BSF        RCSTA, 4
;__Lib_UART_c67.c,28 :: 		
L_UART1_Read2:
;__Lib_UART_c67.c,29 :: 		
0x007B	0x0871      	MOVF       R1, 0
0x007C	0x00F0      	MOVWF      R0
;__Lib_UART_c67.c,30 :: 		
0x007D	0x0008      	RETURN
; end of _UART1_Read
_UART1_Init:
;__Lib_UART_c67.c,2 :: 		
;__Lib_UART_c67.c,5 :: 		
0x007E	0x1683      	BSF        STATUS, 5
0x007F	0x1303      	BCF        STATUS, 6
0x0080	0x1698      	BSF        TXSTA, 5
;__Lib_UART_c67.c,6 :: 		
0x0081	0x3090      	MOVLW      144
0x0082	0x1283      	BCF        STATUS, 5
0x0083	0x0098      	MOVWF      RCSTA
;__Lib_UART_c67.c,7 :: 		
0x0084	0x1683      	BSF        STATUS, 5
0x0085	0x1787      	BSF        TRISC7_bit, 7
;__Lib_UART_c67.c,8 :: 		
0x0086	0x1307      	BCF        TRISC6_bit, 6
;__Lib_UART_c67.c,10 :: 		
L_UART1_Init0:
0x0087	0x1283      	BCF        STATUS, 5
0x0088	0x1E8C      	BTFSS      PIR1, 5
0x0089	0x288D      	GOTO       L_UART1_Init1
;__Lib_UART_c67.c,11 :: 		
0x008A	0x081A      	MOVF       RCREG, 0
0x008B	0x00F0      	MOVWF      R0
0x008C	0x2887      	GOTO       L_UART1_Init0
L_UART1_Init1:
;__Lib_UART_c67.c,12 :: 		
0x008D	0x0008      	RETURN
; end of _UART1_Init
___CC2DW:
;__Lib_System.c,24 :: 		
;__Lib_System.c,27 :: 		
_CC2D_Loop1:
;__Lib_System.c,29 :: 		
0x008E	0x206C      	CALL       _____DoICP
0x008F	0x118A      	BCF        PCLATH, 3
0x0090	0x120A      	BCF        PCLATH, 4
;__Lib_System.c,31 :: 		
0x0091	0x0080      	MOVWF      INDF
;__Lib_System.c,32 :: 		
0x0092	0x0A84      	INCF       FSR, 1
;__Lib_System.c,33 :: 		
0x0093	0x0AD2      	INCF       ___DoICPAddr, 1
;__Lib_System.c,35 :: 		
0x0094	0x1903      	BTFSC      STATUS, 2
;__Lib_System.c,36 :: 		
0x0095	0x0AD3      	INCF       ___DoICPAddr+1, 1
;__Lib_System.c,37 :: 		
0x0096	0x03F0      	DECF       R0, 1
;__Lib_System.c,39 :: 		
0x0097	0x1D03      	BTFSS      STATUS, 2
;__Lib_System.c,40 :: 		
0x0098	0x288E      	GOTO       _CC2D_Loop1
;__Lib_System.c,42 :: 		
0x0099	0x0008      	RETURN
; end of ___CC2DW
_choose:
;main.c,8 :: 		int choose (char m)
;main.c,10 :: 		if (m==1||m==2) return 1;
0x009A	0x1283      	BCF        STATUS, 5
0x009B	0x1303      	BCF        STATUS, 6
0x009C	0x0867      	MOVF       FARG_choose_m, 0
0x009D	0x3A01      	XORLW      1
0x009E	0x1903      	BTFSC      STATUS, 2
0x009F	0x28A5      	GOTO       L__choose51
0x00A0	0x0867      	MOVF       FARG_choose_m, 0
0x00A1	0x3A02      	XORLW      2
0x00A2	0x1903      	BTFSC      STATUS, 2
0x00A3	0x28A5      	GOTO       L__choose51
0x00A4	0x28AA      	GOTO       L_choose2
L__choose51:
0x00A5	0x3001      	MOVLW      1
0x00A6	0x00F0      	MOVWF      R0
0x00A7	0x3000      	MOVLW      0
0x00A8	0x00F1      	MOVWF      R0+1
0x00A9	0x0008      	RETURN
L_choose2:
;main.c,11 :: 		else if (m==3||m==4) return 2;
0x00AA	0x0867      	MOVF       FARG_choose_m, 0
0x00AB	0x3A03      	XORLW      3
0x00AC	0x1903      	BTFSC      STATUS, 2
0x00AD	0x28B3      	GOTO       L__choose50
0x00AE	0x0867      	MOVF       FARG_choose_m, 0
0x00AF	0x3A04      	XORLW      4
0x00B0	0x1903      	BTFSC      STATUS, 2
0x00B1	0x28B3      	GOTO       L__choose50
0x00B2	0x28B8      	GOTO       L_choose6
L__choose50:
0x00B3	0x3002      	MOVLW      2
0x00B4	0x00F0      	MOVWF      R0
0x00B5	0x3000      	MOVLW      0
0x00B6	0x00F1      	MOVWF      R0+1
0x00B7	0x0008      	RETURN
L_choose6:
;main.c,12 :: 		else if (m==5||m==6) return 3;
0x00B8	0x0867      	MOVF       FARG_choose_m, 0
0x00B9	0x3A05      	XORLW      5
0x00BA	0x1903      	BTFSC      STATUS, 2
0x00BB	0x28C1      	GOTO       L__choose49
0x00BC	0x0867      	MOVF       FARG_choose_m, 0
0x00BD	0x3A06      	XORLW      6
0x00BE	0x1903      	BTFSC      STATUS, 2
0x00BF	0x28C1      	GOTO       L__choose49
0x00C0	0x28C6      	GOTO       L_choose10
L__choose49:
0x00C1	0x3003      	MOVLW      3
0x00C2	0x00F0      	MOVWF      R0
0x00C3	0x3000      	MOVLW      0
0x00C4	0x00F1      	MOVWF      R0+1
0x00C5	0x0008      	RETURN
L_choose10:
;main.c,13 :: 		else if (m==7) return 4;
0x00C6	0x0867      	MOVF       FARG_choose_m, 0
0x00C7	0x3A07      	XORLW      7
0x00C8	0x1D03      	BTFSS      STATUS, 2
0x00C9	0x28CF      	GOTO       L_choose12
0x00CA	0x3004      	MOVLW      4
0x00CB	0x00F0      	MOVWF      R0
0x00CC	0x3000      	MOVLW      0
0x00CD	0x00F1      	MOVWF      R0+1
0x00CE	0x0008      	RETURN
L_choose12:
;main.c,14 :: 		else return 0;
0x00CF	0x01F0      	CLRF       R0
0x00D0	0x01F1      	CLRF       R0+1
;main.c,15 :: 		}
0x00D1	0x0008      	RETURN
; end of _choose
_UART1_Data_Ready:
;__Lib_UART_c67.c,16 :: 		
;__Lib_UART_c67.c,17 :: 		
0x00D2	0x3000      	MOVLW      0
0x00D3	0x1283      	BCF        STATUS, 5
0x00D4	0x1303      	BCF        STATUS, 6
0x00D5	0x1A8C      	BTFSC      PIR1, 5
0x00D6	0x3001      	MOVLW      1
0x00D7	0x00F0      	MOVWF      R0
;__Lib_UART_c67.c,18 :: 		
0x00D8	0x0008      	RETURN
; end of _UART1_Data_Ready
_IntToStr:
;__Lib_Conversions.c,146 :: 		
;__Lib_Conversions.c,152 :: 		
0x00D9	0x1283      	BCF        STATUS, 5
0x00DA	0x1303      	BCF        STATUS, 6
0x00DB	0x01EC      	CLRF       IntToStr_negative_L0
0x00DC	0x01ED      	CLRF       IntToStr_negative_L0+1
;__Lib_Conversions.c,153 :: 		
0x00DD	0x0867      	MOVF       FARG_IntToStr_input, 0
0x00DE	0x00EE      	MOVWF      IntToStr_inword_L0
0x00DF	0x0868      	MOVF       FARG_IntToStr_input+1, 0
0x00E0	0x00EF      	MOVWF      IntToStr_inword_L0+1
;__Lib_Conversions.c,154 :: 		
0x00E1	0x3080      	MOVLW      128
0x00E2	0x0668      	XORWF      FARG_IntToStr_input+1, 0
0x00E3	0x00F0      	MOVWF      R0
0x00E4	0x3080      	MOVLW      128
0x00E5	0x0270      	SUBWF      R0, 0
0x00E6	0x1D03      	BTFSS      STATUS, 2
0x00E7	0x28EA      	GOTO       L__IntToStr99
0x00E8	0x3000      	MOVLW      0
0x00E9	0x0267      	SUBWF      FARG_IntToStr_input, 0
L__IntToStr99:
0x00EA	0x1803      	BTFSC      STATUS, 0
0x00EB	0x28F8      	GOTO       L_IntToStr23
;__Lib_Conversions.c,155 :: 		
0x00EC	0x3001      	MOVLW      1
0x00ED	0x00EC      	MOVWF      IntToStr_negative_L0
0x00EE	0x3000      	MOVLW      0
0x00EF	0x00ED      	MOVWF      IntToStr_negative_L0+1
;__Lib_Conversions.c,156 :: 		
0x00F0	0x0867      	MOVF       FARG_IntToStr_input, 0
0x00F1	0x3C00      	SUBLW      0
0x00F2	0x00EE      	MOVWF      IntToStr_inword_L0
0x00F3	0x0868      	MOVF       FARG_IntToStr_input+1, 0
0x00F4	0x1C03      	BTFSS      STATUS, 0
0x00F5	0x3E01      	ADDLW      1
0x00F6	0x01EF      	CLRF       IntToStr_inword_L0+1
0x00F7	0x02EF      	SUBWF      IntToStr_inword_L0+1, 1
;__Lib_Conversions.c,157 :: 		
L_IntToStr23:
;__Lib_Conversions.c,158 :: 		
0x00F8	0x086E      	MOVF       IntToStr_inword_L0, 0
0x00F9	0x1683      	BSF        STATUS, 5
0x00FA	0x00C2      	MOVWF      FARG_WordToStr_input
0x00FB	0x1283      	BCF        STATUS, 5
0x00FC	0x086F      	MOVF       IntToStr_inword_L0+1, 0
0x00FD	0x1683      	BSF        STATUS, 5
0x00FE	0x00C3      	MOVWF      FARG_WordToStr_input+1
0x00FF	0x1283      	BCF        STATUS, 5
0x0100	0x0869      	MOVF       FARG_IntToStr_output, 0
0x0101	0x1683      	BSF        STATUS, 5
0x0102	0x00C4      	MOVWF      FARG_WordToStr_output
0x0103	0x2020      	CALL       _WordToStr
;__Lib_Conversions.c,160 :: 		
0x0104	0x3006      	MOVLW      6
0x0105	0x1283      	BCF        STATUS, 5
0x0106	0x00EA      	MOVWF      IntToStr_i_L0
0x0107	0x3000      	MOVLW      0
0x0108	0x00EB      	MOVWF      IntToStr_i_L0+1
;__Lib_Conversions.c,161 :: 		
L_IntToStr24:
0x0109	0x086B      	MOVF       IntToStr_i_L0+1, 0
0x010A	0x3C00      	SUBLW      0
0x010B	0x1D03      	BTFSS      STATUS, 2
0x010C	0x290F      	GOTO       L__IntToStr100
0x010D	0x086A      	MOVF       IntToStr_i_L0, 0
0x010E	0x3C00      	SUBLW      0
L__IntToStr100:
0x010F	0x1803      	BTFSC      STATUS, 0
0x0110	0x292A      	GOTO       L_IntToStr25
;__Lib_Conversions.c,162 :: 		
0x0111	0x086A      	MOVF       IntToStr_i_L0, 0
0x0112	0x0769      	ADDWF      FARG_IntToStr_output, 0
0x0113	0x00F2      	MOVWF      R2
0x0114	0x3001      	MOVLW      1
0x0115	0x026A      	SUBWF      IntToStr_i_L0, 0
0x0116	0x00F0      	MOVWF      R0
0x0117	0x3000      	MOVLW      0
0x0118	0x1C03      	BTFSS      STATUS, 0
0x0119	0x3E01      	ADDLW      1
0x011A	0x026B      	SUBWF      IntToStr_i_L0+1, 0
0x011B	0x00F1      	MOVWF      R0+1
0x011C	0x0870      	MOVF       R0, 0
0x011D	0x0769      	ADDWF      FARG_IntToStr_output, 0
0x011E	0x0084      	MOVWF      FSR
0x011F	0x0800      	MOVF       INDF, 0
0x0120	0x00F0      	MOVWF      R0
0x0121	0x0872      	MOVF       R2, 0
0x0122	0x0084      	MOVWF      FSR
0x0123	0x0870      	MOVF       R0, 0
0x0124	0x0080      	MOVWF      INDF
;__Lib_Conversions.c,163 :: 		
0x0125	0x3001      	MOVLW      1
0x0126	0x02EA      	SUBWF      IntToStr_i_L0, 1
0x0127	0x1C03      	BTFSS      STATUS, 0
0x0128	0x03EB      	DECF       IntToStr_i_L0+1, 1
;__Lib_Conversions.c,164 :: 		
0x0129	0x2909      	GOTO       L_IntToStr24
L_IntToStr25:
;__Lib_Conversions.c,165 :: 		
0x012A	0x0869      	MOVF       FARG_IntToStr_output, 0
0x012B	0x0084      	MOVWF      FSR
0x012C	0x3020      	MOVLW      32
0x012D	0x0080      	MOVWF      INDF
;__Lib_Conversions.c,166 :: 		
0x012E	0x086C      	MOVF       IntToStr_negative_L0, 0
0x012F	0x046D      	IORWF      IntToStr_negative_L0+1, 0
0x0130	0x1903      	BTFSC      STATUS, 2
0x0131	0x2948      	GOTO       L_IntToStr26
;__Lib_Conversions.c,167 :: 		
0x0132	0x01EA      	CLRF       IntToStr_i_L0
0x0133	0x01EB      	CLRF       IntToStr_i_L0+1
;__Lib_Conversions.c,168 :: 		
L_IntToStr27:
0x0134	0x086A      	MOVF       IntToStr_i_L0, 0
0x0135	0x0769      	ADDWF      FARG_IntToStr_output, 0
0x0136	0x0084      	MOVWF      FSR
0x0137	0x0800      	MOVF       INDF, 0
0x0138	0x3A20      	XORLW      32
0x0139	0x1D03      	BTFSS      STATUS, 2
0x013A	0x293F      	GOTO       L_IntToStr28
0x013B	0x0AEA      	INCF       IntToStr_i_L0, 1
0x013C	0x1903      	BTFSC      STATUS, 2
0x013D	0x0AEB      	INCF       IntToStr_i_L0+1, 1
0x013E	0x2934      	GOTO       L_IntToStr27
L_IntToStr28:
;__Lib_Conversions.c,169 :: 		
0x013F	0x3001      	MOVLW      1
0x0140	0x02EA      	SUBWF      IntToStr_i_L0, 1
0x0141	0x1C03      	BTFSS      STATUS, 0
0x0142	0x03EB      	DECF       IntToStr_i_L0+1, 1
;__Lib_Conversions.c,170 :: 		
0x0143	0x086A      	MOVF       IntToStr_i_L0, 0
0x0144	0x0769      	ADDWF      FARG_IntToStr_output, 0
0x0145	0x0084      	MOVWF      FSR
0x0146	0x302D      	MOVLW      45
0x0147	0x0080      	MOVWF      INDF
L_IntToStr26:
;__Lib_Conversions.c,171 :: 		
0x0148	0x0008      	RETURN
; end of _IntToStr
_FLASH_Write:
;__Lib_FLASH_RW.c,15 :: 		
;__Lib_FLASH_RW.c,20 :: 		
0x0149	0x1283      	BCF        STATUS, 5
0x014A	0x1303      	BCF        STATUS, 6
0x014B	0x01F3      	CLRF       R3
L_FLASH_Write0:
0x014C	0x0873      	MOVF       R3, 0
0x014D	0x3C03      	SUBLW      3
0x014E	0x1C03      	BTFSS      STATUS, 0
0x014F	0x2981      	GOTO       L_FLASH_Write1
;__Lib_FLASH_RW.c,22 :: 		
0x0150	0x080B      	MOVF       INTCON, 0
0x0151	0x00F2      	MOVWF      R2
;__Lib_FLASH_RW.c,23 :: 		
0x0152	0x0867      	MOVF       FARG_FLASH_Write_address, 0
0x0153	0x1703      	BSF        STATUS, 6
0x0154	0x008D      	MOVWF      EEADR
;__Lib_FLASH_RW.c,24 :: 		
0x0155	0x1303      	BCF        STATUS, 6
0x0156	0x0868      	MOVF       FARG_FLASH_Write_address+1, 0
0x0157	0x1703      	BSF        STATUS, 6
0x0158	0x008F      	MOVWF      EEADRH
;__Lib_FLASH_RW.c,25 :: 		
0x0159	0x0873      	MOVF       R3, 0
0x015A	0x00F0      	MOVWF      R0
0x015B	0x0DF0      	RLF        R0, 1
0x015C	0x1070      	BCF        R0, 0
0x015D	0x1303      	BCF        STATUS, 6
0x015E	0x0869      	MOVF       FARG_FLASH_Write_data_, 0
0x015F	0x07F0      	ADDWF      R0, 1
0x0160	0x0870      	MOVF       R0, 0
0x0161	0x0084      	MOVWF      FSR
0x0162	0x0800      	MOVF       INDF, 0
0x0163	0x1703      	BSF        STATUS, 6
0x0164	0x008C      	MOVWF      EEDATA
;__Lib_FLASH_RW.c,26 :: 		
0x0165	0x0A70      	INCF       R0, 0
0x0166	0x0084      	MOVWF      FSR
0x0167	0x0800      	MOVF       INDF, 0
0x0168	0x008E      	MOVWF      EEDATH
;__Lib_FLASH_RW.c,27 :: 		
0x0169	0x1683      	BSF        STATUS, 5
0x016A	0x178C      	BSF        EECON1, 7
;__Lib_FLASH_RW.c,28 :: 		
0x016B	0x150C      	BSF        EECON1, 2
;__Lib_FLASH_RW.c,29 :: 		
0x016C	0x138B      	BCF        INTCON, 7
;__Lib_FLASH_RW.c,30 :: 		
0x016D	0x3055      	MOVLW      85
0x016E	0x008D      	MOVWF      EECON2
;__Lib_FLASH_RW.c,31 :: 		
0x016F	0x30AA      	MOVLW      170
0x0170	0x008D      	MOVWF      EECON2
;__Lib_FLASH_RW.c,32 :: 		
0x0171	0x148C      	BSF        EECON1, 1
;__Lib_FLASH_RW.c,33 :: 		
0x0172	0x0000      	NOP
;__Lib_FLASH_RW.c,34 :: 		
0x0173	0x0000      	NOP
;__Lib_FLASH_RW.c,35 :: 		
0x0174	0x1BF2      	BTFSC      R2, 7
0x0175	0x2978      	GOTO       L__FLASH_Write3
0x0176	0x138B      	BCF        INTCON, 7
0x0177	0x2979      	GOTO       L__FLASH_Write4
L__FLASH_Write3:
0x0178	0x178B      	BSF        INTCON, 7
L__FLASH_Write4:
;__Lib_FLASH_RW.c,36 :: 		
0x0179	0x110C      	BCF        EECON1, 2
;__Lib_FLASH_RW.c,37 :: 		
0x017A	0x1283      	BCF        STATUS, 5
0x017B	0x1303      	BCF        STATUS, 6
0x017C	0x0AE7      	INCF       FARG_FLASH_Write_address, 1
0x017D	0x1903      	BTFSC      STATUS, 2
0x017E	0x0AE8      	INCF       FARG_FLASH_Write_address+1, 1
;__Lib_FLASH_RW.c,20 :: 		
0x017F	0x0AF3      	INCF       R3, 1
;__Lib_FLASH_RW.c,38 :: 		
0x0180	0x294C      	GOTO       L_FLASH_Write0
L_FLASH_Write1:
;__Lib_FLASH_RW.c,39 :: 		
0x0181	0x0008      	RETURN
; end of _FLASH_Write
_UART1_Write_Text:
;__Lib_UART_c67.c,47 :: 		
;__Lib_UART_c67.c,48 :: 		
0x0182	0x1283      	BCF        STATUS, 5
0x0183	0x1303      	BCF        STATUS, 6
0x0184	0x01E9      	CLRF       UART1_Write_Text_counter_L0
;__Lib_UART_c67.c,50 :: 		
0x0185	0x0867      	MOVF       FARG_UART1_Write_Text_uart_text, 0
0x0186	0x0084      	MOVWF      FSR
0x0187	0x0800      	MOVF       INDF, 0
0x0188	0x00E8      	MOVWF      UART1_Write_Text_data__L0
;__Lib_UART_c67.c,51 :: 		
L_UART1_Write_Text5:
0x0189	0x0868      	MOVF       UART1_Write_Text_data__L0, 0
0x018A	0x3A00      	XORLW      0
0x018B	0x1903      	BTFSC      STATUS, 2
0x018C	0x2998      	GOTO       L_UART1_Write_Text6
;__Lib_UART_c67.c,52 :: 		
0x018D	0x0868      	MOVF       UART1_Write_Text_data__L0, 0
0x018E	0x1683      	BSF        STATUS, 5
0x018F	0x00C2      	MOVWF      FARG_UART1_Write_data_
0x0190	0x2062      	CALL       _UART1_Write
;__Lib_UART_c67.c,53 :: 		
0x0191	0x0AE9      	INCF       UART1_Write_Text_counter_L0, 1
;__Lib_UART_c67.c,54 :: 		
0x0192	0x0869      	MOVF       UART1_Write_Text_counter_L0, 0
0x0193	0x0767      	ADDWF      FARG_UART1_Write_Text_uart_text, 0
0x0194	0x0084      	MOVWF      FSR
0x0195	0x0800      	MOVF       INDF, 0
0x0196	0x00E8      	MOVWF      UART1_Write_Text_data__L0
;__Lib_UART_c67.c,55 :: 		
0x0197	0x2989      	GOTO       L_UART1_Write_Text5
L_UART1_Write_Text6:
;__Lib_UART_c67.c,56 :: 		
0x0198	0x0008      	RETURN
; end of _UART1_Write_Text
_FLASH_Read:
;__Lib_FLASH_RW.c,2 :: 		
;__Lib_FLASH_RW.c,3 :: 		
;__Lib_FLASH_RW.c,4 :: 		
0x0199	0x1283      	BCF        STATUS, 5
0x019A	0x1303      	BCF        STATUS, 6
0x019B	0x0867      	MOVF       FARG_FLASH_Read_address, 0
0x019C	0x1703      	BSF        STATUS, 6
0x019D	0x008D      	MOVWF      EEADR
;__Lib_FLASH_RW.c,5 :: 		
0x019E	0x1303      	BCF        STATUS, 6
0x019F	0x0868      	MOVF       FARG_FLASH_Read_address+1, 0
0x01A0	0x1703      	BSF        STATUS, 6
0x01A1	0x008F      	MOVWF      EEADRH
;__Lib_FLASH_RW.c,6 :: 		
0x01A2	0x1683      	BSF        STATUS, 5
0x01A3	0x178C      	BSF        EECON1, 7
;__Lib_FLASH_RW.c,7 :: 		
0x01A4	0x140C      	BSF        EECON1, 0
;__Lib_FLASH_RW.c,8 :: 		
0x01A5	0x0000      	NOP
;__Lib_FLASH_RW.c,9 :: 		
0x01A6	0x0000      	NOP
;__Lib_FLASH_RW.c,10 :: 		
0x01A7	0x1283      	BCF        STATUS, 5
0x01A8	0x080E      	MOVF       EEDATH, 0
0x01A9	0x00F1      	MOVWF      R0+1
0x01AA	0x01F0      	CLRF       R0
;__Lib_FLASH_RW.c,11 :: 		
0x01AB	0x080C      	MOVF       EEDATA, 0
0x01AC	0x04F0      	IORWF      R0, 1
0x01AD	0x3000      	MOVLW      0
0x01AE	0x04F1      	IORWF      R0+1, 1
;__Lib_FLASH_RW.c,12 :: 		
;__Lib_FLASH_RW.c,13 :: 		
0x01AF	0x0008      	RETURN
; end of _FLASH_Read
_main:
0x01B0	0x2362      	CALL       866
;main.c,17 :: 		void main()
;main.c,20 :: 		TRISB = 0;
0x01B1	0x1683      	BSF        STATUS, 5
0x01B2	0x1303      	BCF        STATUS, 6
0x01B3	0x0186      	CLRF       TRISB
;main.c,21 :: 		PORTB = 0xFF;
0x01B4	0x30FF      	MOVLW      255
0x01B5	0x1283      	BCF        STATUS, 5
0x01B6	0x0086      	MOVWF      PORTB
;main.c,24 :: 		addr = 0x0500;
0x01B7	0x3000      	MOVLW      0
0x01B8	0x00D4      	MOVWF      _addr
0x01B9	0x3005      	MOVLW      5
0x01BA	0x00D5      	MOVWF      _addr+1
;main.c,26 :: 		UART1_Init(9600);               // Initialize UART module at 9600 bps
0x01BB	0x3081      	MOVLW      129
0x01BC	0x1683      	BSF        STATUS, 5
0x01BD	0x0099      	MOVWF      SPBRG
0x01BE	0x1518      	BSF        TXSTA, 2
0x01BF	0x207E      	CALL       _UART1_Init
;main.c,27 :: 		Delay_ms(100);                  // Wait for UART module to stabilize
0x01C0	0x3003      	MOVLW      3
0x01C1	0x00FB      	MOVWF      R11
0x01C2	0x308A      	MOVLW      138
0x01C3	0x00FC      	MOVWF      R12
0x01C4	0x3055      	MOVLW      85
0x01C5	0x00FD      	MOVWF      R13
L_main14:
0x01C6	0x0BFD      	DECFSZ     R13, 1
0x01C7	0x29C6      	GOTO       L_main14
0x01C8	0x0BFC      	DECFSZ     R12, 1
0x01C9	0x29C6      	GOTO       L_main14
0x01CA	0x0BFB      	DECFSZ     R11, 1
0x01CB	0x29C6      	GOTO       L_main14
0x01CC	0x0000      	NOP
0x01CD	0x0000      	NOP
;main.c,33 :: 		UART1_Write_Text("Enter a message from keyboard\n\r");
0x01CE	0x3020      	MOVLW      ?lstr1_main
0x01CF	0x00E7      	MOVWF      FARG_UART1_Write_Text_uart_text
0x01D0	0x2182      	CALL       _UART1_Write_Text
;main.c,40 :: 		UART1_Write_Text("Your message is: ");
0x01D1	0x3040      	MOVLW      ?lstr2_main
0x01D2	0x00E7      	MOVWF      FARG_UART1_Write_Text_uart_text
0x01D3	0x2182      	CALL       _UART1_Write_Text
;main.c,41 :: 		for(i=0; i< MAXLINE/8; i++)
0x01D4	0x01D6      	CLRF       _i
L_main17:
0x01D5	0x3080      	MOVLW      128
0x01D6	0x0256      	SUBWF      _i, 0
0x01D7	0x1803      	BTFSC      STATUS, 0
0x01D8	0x2A37      	GOTO       L_main18
;main.c,43 :: 		for(j=0; j<8; j++)
0x01D9	0x01DD      	CLRF       _j
L_main20:
0x01DA	0x3008      	MOVLW      8
0x01DB	0x025D      	SUBWF      _j, 0
0x01DC	0x1803      	BTFSC      STATUS, 0
0x01DD	0x29F8      	GOTO       L_main21
;main.c,45 :: 		Revieve_data:
___main_Revieve_data:
;main.c,46 :: 		if (UART1_Data_Ready())
0x01DE	0x20D2      	CALL       _UART1_Data_Ready
0x01DF	0x0870      	MOVF       R0, 0
0x01E0	0x1903      	BTFSC      STATUS, 2
0x01E1	0x29E6      	GOTO       L_main23
;main.c,47 :: 		uart_rd = UART1_Read();
0x01E2	0x2073      	CALL       _UART1_Read
0x01E3	0x0870      	MOVF       R0, 0
0x01E4	0x00DE      	MOVWF      _uart_rd
0x01E5	0x29E7      	GOTO       L_main24
L_main23:
;main.c,49 :: 		goto Revieve_data;
0x01E6	0x29DE      	GOTO       ___main_Revieve_data
L_main24:
;main.c,50 :: 		if ((uart_rd == 'I') || (uart_rd == 'D'))
0x01E7	0x085E      	MOVF       _uart_rd, 0
0x01E8	0x3A49      	XORLW      73
0x01E9	0x1903      	BTFSC      STATUS, 2
0x01EA	0x29F0      	GOTO       L__main53
0x01EB	0x085E      	MOVF       _uart_rd, 0
0x01EC	0x3A44      	XORLW      68
0x01ED	0x1903      	BTFSC      STATUS, 2
0x01EE	0x29F0      	GOTO       L__main53
0x01EF	0x29F1      	GOTO       L_main27
L__main53:
;main.c,51 :: 		break;
0x01F0	0x29F8      	GOTO       L_main21
L_main27:
;main.c,52 :: 		dat_uart[j] = uart_rd;
0x01F1	0x085D      	MOVF       _j, 0
0x01F2	0x3E5F      	ADDLW      _dat_uart
0x01F3	0x0084      	MOVWF      FSR
0x01F4	0x085E      	MOVF       _uart_rd, 0
0x01F5	0x0080      	MOVWF      INDF
;main.c,43 :: 		for(j=0; j<8; j++)
0x01F6	0x0ADD      	INCF       _j, 1
;main.c,53 :: 		}
0x01F7	0x29DA      	GOTO       L_main20
L_main21:
;main.c,54 :: 		FLASH_Write(addr+i*4,dat_uart);
0x01F8	0x0856      	MOVF       _i, 0
0x01F9	0x00F0      	MOVWF      R0
0x01FA	0x01F1      	CLRF       R0+1
0x01FB	0x0DF0      	RLF        R0, 1
0x01FC	0x0DF1      	RLF        R0+1, 1
0x01FD	0x1070      	BCF        R0, 0
0x01FE	0x0DF0      	RLF        R0, 1
0x01FF	0x0DF1      	RLF        R0+1, 1
0x0200	0x1070      	BCF        R0, 0
0x0201	0x0870      	MOVF       R0, 0
0x0202	0x0754      	ADDWF      _addr, 0
0x0203	0x00E7      	MOVWF      FARG_FLASH_Write_address
0x0204	0x0855      	MOVF       _addr+1, 0
0x0205	0x1803      	BTFSC      STATUS, 0
0x0206	0x3E01      	ADDLW      1
0x0207	0x0771      	ADDWF      R0+1, 0
0x0208	0x00E8      	MOVWF      FARG_FLASH_Write_address+1
0x0209	0x305F      	MOVLW      _dat_uart
0x020A	0x00E9      	MOVWF      FARG_FLASH_Write_data_
0x020B	0x2149      	CALL       _FLASH_Write
;main.c,55 :: 		if ((uart_rd == 'I') || (uart_rd == 'D'))
0x020C	0x085E      	MOVF       _uart_rd, 0
0x020D	0x3A49      	XORLW      73
0x020E	0x1903      	BTFSC      STATUS, 2
0x020F	0x2A15      	GOTO       L__main52
0x0210	0x085E      	MOVF       _uart_rd, 0
0x0211	0x3A44      	XORLW      68
0x0212	0x1903      	BTFSC      STATUS, 2
0x0213	0x2A15      	GOTO       L__main52
0x0214	0x2A16      	GOTO       L_main30
L__main52:
;main.c,56 :: 		break;
0x0215	0x2A37      	GOTO       L_main18
L_main30:
;main.c,57 :: 		PORTB = 0x00;
0x0216	0x0186      	CLRF       PORTB
;main.c,58 :: 		Delay_ms(50);
0x0217	0x3002      	MOVLW      2
0x0218	0x00FB      	MOVWF      R11
0x0219	0x3045      	MOVLW      69
0x021A	0x00FC      	MOVWF      R12
0x021B	0x30A9      	MOVLW      169
0x021C	0x00FD      	MOVWF      R13
L_main31:
0x021D	0x0BFD      	DECFSZ     R13, 1
0x021E	0x2A1D      	GOTO       L_main31
0x021F	0x0BFC      	DECFSZ     R12, 1
0x0220	0x2A1D      	GOTO       L_main31
0x0221	0x0BFB      	DECFSZ     R11, 1
0x0222	0x2A1D      	GOTO       L_main31
0x0223	0x0000      	NOP
0x0224	0x0000      	NOP
;main.c,59 :: 		PORTB = 0xFF;
0x0225	0x30FF      	MOVLW      255
0x0226	0x0086      	MOVWF      PORTB
;main.c,60 :: 		Delay_ms(50);
0x0227	0x3002      	MOVLW      2
0x0228	0x00FB      	MOVWF      R11
0x0229	0x3045      	MOVLW      69
0x022A	0x00FC      	MOVWF      R12
0x022B	0x30A9      	MOVLW      169
0x022C	0x00FD      	MOVWF      R13
L_main32:
0x022D	0x0BFD      	DECFSZ     R13, 1
0x022E	0x2A2D      	GOTO       L_main32
0x022F	0x0BFC      	DECFSZ     R12, 1
0x0230	0x2A2D      	GOTO       L_main32
0x0231	0x0BFB      	DECFSZ     R11, 1
0x0232	0x2A2D      	GOTO       L_main32
0x0233	0x0000      	NOP
0x0234	0x0000      	NOP
;main.c,41 :: 		for(i=0; i< MAXLINE/8; i++)
0x0235	0x0AD6      	INCF       _i, 1
;main.c,61 :: 		}
0x0236	0x29D5      	GOTO       L_main17
L_main18:
;main.c,63 :: 		addr = 0x0500;
0x0237	0x3000      	MOVLW      0
0x0238	0x00D4      	MOVWF      _addr
0x0239	0x3005      	MOVLW      5
0x023A	0x00D5      	MOVWF      _addr+1
;main.c,64 :: 		for (k = 0; k < i*4; k++)
0x023B	0x01DC      	CLRF       _k
L_main33:
0x023C	0x0856      	MOVF       _i, 0
0x023D	0x00F1      	MOVWF      R1
0x023E	0x01F2      	CLRF       R1+1
0x023F	0x0DF1      	RLF        R1, 1
0x0240	0x0DF2      	RLF        R1+1, 1
0x0241	0x1071      	BCF        R1, 0
0x0242	0x0DF1      	RLF        R1, 1
0x0243	0x0DF2      	RLF        R1+1, 1
0x0244	0x1071      	BCF        R1, 0
0x0245	0x3080      	MOVLW      128
0x0246	0x00F0      	MOVWF      R0
0x0247	0x3080      	MOVLW      128
0x0248	0x0672      	XORWF      R1+1, 0
0x0249	0x0270      	SUBWF      R0, 0
0x024A	0x1D03      	BTFSS      STATUS, 2
0x024B	0x2A4E      	GOTO       L__main54
0x024C	0x0871      	MOVF       R1, 0
0x024D	0x025C      	SUBWF      _k, 0
L__main54:
0x024E	0x1803      	BTFSC      STATUS, 0
0x024F	0x2A7C      	GOTO       L_main34
;main.c,66 :: 		data_ = FLASH_Read(addr++);
0x0250	0x0854      	MOVF       _addr, 0
0x0251	0x00E7      	MOVWF      FARG_FLASH_Read_address
0x0252	0x0855      	MOVF       _addr+1, 0
0x0253	0x00E8      	MOVWF      FARG_FLASH_Read_address+1
0x0254	0x2199      	CALL       _FLASH_Read
0x0255	0x0870      	MOVF       R0, 0
0x0256	0x1303      	BCF        STATUS, 6
0x0257	0x00D7      	MOVWF      _data_
0x0258	0x0871      	MOVF       R0+1, 0
0x0259	0x00D8      	MOVWF      _data_+1
0x025A	0x0AD4      	INCF       _addr, 1
0x025B	0x1903      	BTFSC      STATUS, 2
0x025C	0x0AD5      	INCF       _addr+1, 1
;main.c,67 :: 		Delay_us(10);
0x025D	0x3010      	MOVLW      16
0x025E	0x00FD      	MOVWF      R13
L_main36:
0x025F	0x0BFD      	DECFSZ     R13, 1
0x0260	0x2A5F      	GOTO       L_main36
0x0261	0x0000      	NOP
;main.c,68 :: 		UART1_Write(data_);
0x0262	0x0857      	MOVF       _data_, 0
0x0263	0x1683      	BSF        STATUS, 5
0x0264	0x00C2      	MOVWF      FARG_UART1_Write_data_
0x0265	0x2062      	CALL       _UART1_Write
;main.c,69 :: 		UART1_Write(data_ >> 8);
0x0266	0x0858      	MOVF       _data_+1, 0
0x0267	0x00F0      	MOVWF      R0
0x0268	0x01F1      	CLRF       R0+1
0x0269	0x0870      	MOVF       R0, 0
0x026A	0x1683      	BSF        STATUS, 5
0x026B	0x00C2      	MOVWF      FARG_UART1_Write_data_
0x026C	0x2062      	CALL       _UART1_Write
;main.c,70 :: 		Delay_ms(500);
0x026D	0x300D      	MOVLW      13
0x026E	0x00FB      	MOVWF      R11
0x026F	0x30AF      	MOVLW      175
0x0270	0x00FC      	MOVWF      R12
0x0271	0x30B6      	MOVLW      182
0x0272	0x00FD      	MOVWF      R13
L_main37:
0x0273	0x0BFD      	DECFSZ     R13, 1
0x0274	0x2A73      	GOTO       L_main37
0x0275	0x0BFC      	DECFSZ     R12, 1
0x0276	0x2A73      	GOTO       L_main37
0x0277	0x0BFB      	DECFSZ     R11, 1
0x0278	0x2A73      	GOTO       L_main37
0x0279	0x0000      	NOP
;main.c,64 :: 		for (k = 0; k < i*4; k++)
0x027A	0x0ADC      	INCF       _k, 1
;main.c,71 :: 		}
0x027B	0x2A3C      	GOTO       L_main33
L_main34:
;main.c,72 :: 		if (0<j<8)
0x027C	0x085D      	MOVF       _j, 0
0x027D	0x3C00      	SUBLW      0
0x027E	0x3001      	MOVLW      1
0x027F	0x1803      	BTFSC      STATUS, 0
0x0280	0x3000      	MOVLW      0
0x0281	0x00F1      	MOVWF      R1
0x0282	0x3008      	MOVLW      8
0x0283	0x0271      	SUBWF      R1, 0
0x0284	0x1803      	BTFSC      STATUS, 0
0x0285	0x2AEC      	GOTO       L_main38
;main.c,74 :: 		for (k=0; k<choose(j); k++)
0x0286	0x01DC      	CLRF       _k
L_main39:
0x0287	0x085D      	MOVF       _j, 0
0x0288	0x00E7      	MOVWF      FARG_choose_m
0x0289	0x209A      	CALL       _choose
0x028A	0x3080      	MOVLW      128
0x028B	0x00F2      	MOVWF      R2
0x028C	0x3080      	MOVLW      128
0x028D	0x0671      	XORWF      R0+1, 0
0x028E	0x0272      	SUBWF      R2, 0
0x028F	0x1D03      	BTFSS      STATUS, 2
0x0290	0x2A93      	GOTO       L__main55
0x0291	0x0870      	MOVF       R0, 0
0x0292	0x025C      	SUBWF      _k, 0
L__main55:
0x0293	0x1803      	BTFSC      STATUS, 0
0x0294	0x2AEC      	GOTO       L_main40
;main.c,76 :: 		data_ = FLASH_Read(addr++);
0x0295	0x0854      	MOVF       _addr, 0
0x0296	0x00E7      	MOVWF      FARG_FLASH_Read_address
0x0297	0x0855      	MOVF       _addr+1, 0
0x0298	0x00E8      	MOVWF      FARG_FLASH_Read_address+1
0x0299	0x2199      	CALL       _FLASH_Read
0x029A	0x0870      	MOVF       R0, 0
0x029B	0x1303      	BCF        STATUS, 6
0x029C	0x00D7      	MOVWF      _data_
0x029D	0x0871      	MOVF       R0+1, 0
0x029E	0x00D8      	MOVWF      _data_+1
0x029F	0x0AD4      	INCF       _addr, 1
0x02A0	0x1903      	BTFSC      STATUS, 2
0x02A1	0x0AD5      	INCF       _addr+1, 1
;main.c,77 :: 		Delay_us(10);
0x02A2	0x3010      	MOVLW      16
0x02A3	0x00FD      	MOVWF      R13
L_main42:
0x02A4	0x0BFD      	DECFSZ     R13, 1
0x02A5	0x2AA4      	GOTO       L_main42
0x02A6	0x0000      	NOP
;main.c,78 :: 		if(k == (choose(j)-1))
0x02A7	0x085D      	MOVF       _j, 0
0x02A8	0x00E7      	MOVWF      FARG_choose_m
0x02A9	0x209A      	CALL       _choose
0x02AA	0x3001      	MOVLW      1
0x02AB	0x0270      	SUBWF      R0, 0
0x02AC	0x00F2      	MOVWF      R2
0x02AD	0x3000      	MOVLW      0
0x02AE	0x1C03      	BTFSS      STATUS, 0
0x02AF	0x3E01      	ADDLW      1
0x02B0	0x0271      	SUBWF      R0+1, 0
0x02B1	0x00F3      	MOVWF      R2+1
0x02B2	0x3000      	MOVLW      0
0x02B3	0x0673      	XORWF      R2+1, 0
0x02B4	0x1D03      	BTFSS      STATUS, 2
0x02B5	0x2AB8      	GOTO       L__main56
0x02B6	0x0872      	MOVF       R2, 0
0x02B7	0x065C      	XORWF      _k, 0
L__main56:
0x02B8	0x1D03      	BTFSS      STATUS, 2
0x02B9	0x2AD2      	GOTO       L_main43
;main.c,80 :: 		if((j%2)==0)
0x02BA	0x3001      	MOVLW      1
0x02BB	0x055D      	ANDWF      _j, 0
0x02BC	0x00F1      	MOVWF      R1
0x02BD	0x0871      	MOVF       R1, 0
0x02BE	0x3A00      	XORLW      0
0x02BF	0x1D03      	BTFSS      STATUS, 2
0x02C0	0x2ACD      	GOTO       L_main44
;main.c,82 :: 		UART1_Write(data_);
0x02C1	0x0857      	MOVF       _data_, 0
0x02C2	0x1683      	BSF        STATUS, 5
0x02C3	0x00C2      	MOVWF      FARG_UART1_Write_data_
0x02C4	0x2062      	CALL       _UART1_Write
;main.c,83 :: 		UART1_Write(data_ >> 8);
0x02C5	0x0858      	MOVF       _data_+1, 0
0x02C6	0x00F0      	MOVWF      R0
0x02C7	0x01F1      	CLRF       R0+1
0x02C8	0x0870      	MOVF       R0, 0
0x02C9	0x1683      	BSF        STATUS, 5
0x02CA	0x00C2      	MOVWF      FARG_UART1_Write_data_
0x02CB	0x2062      	CALL       _UART1_Write
;main.c,84 :: 		break;
0x02CC	0x2AEC      	GOTO       L_main40
;main.c,85 :: 		}
L_main44:
;main.c,88 :: 		UART1_Write(data_);
0x02CD	0x0857      	MOVF       _data_, 0
0x02CE	0x1683      	BSF        STATUS, 5
0x02CF	0x00C2      	MOVWF      FARG_UART1_Write_data_
0x02D0	0x2062      	CALL       _UART1_Write
;main.c,89 :: 		break;
0x02D1	0x2AEC      	GOTO       L_main40
;main.c,91 :: 		}
L_main43:
;main.c,92 :: 		UART1_Write(data_);
0x02D2	0x0857      	MOVF       _data_, 0
0x02D3	0x1683      	BSF        STATUS, 5
0x02D4	0x00C2      	MOVWF      FARG_UART1_Write_data_
0x02D5	0x2062      	CALL       _UART1_Write
;main.c,93 :: 		UART1_Write(data_ >> 8);
0x02D6	0x0858      	MOVF       _data_+1, 0
0x02D7	0x00F0      	MOVWF      R0
0x02D8	0x01F1      	CLRF       R0+1
0x02D9	0x0870      	MOVF       R0, 0
0x02DA	0x1683      	BSF        STATUS, 5
0x02DB	0x00C2      	MOVWF      FARG_UART1_Write_data_
0x02DC	0x2062      	CALL       _UART1_Write
;main.c,94 :: 		Delay_ms(500);
0x02DD	0x300D      	MOVLW      13
0x02DE	0x00FB      	MOVWF      R11
0x02DF	0x30AF      	MOVLW      175
0x02E0	0x00FC      	MOVWF      R12
0x02E1	0x30B6      	MOVLW      182
0x02E2	0x00FD      	MOVWF      R13
L_main46:
0x02E3	0x0BFD      	DECFSZ     R13, 1
0x02E4	0x2AE3      	GOTO       L_main46
0x02E5	0x0BFC      	DECFSZ     R12, 1
0x02E6	0x2AE3      	GOTO       L_main46
0x02E7	0x0BFB      	DECFSZ     R11, 1
0x02E8	0x2AE3      	GOTO       L_main46
0x02E9	0x0000      	NOP
;main.c,74 :: 		for (k=0; k<choose(j); k++)
0x02EA	0x0ADC      	INCF       _k, 1
;main.c,95 :: 		}
0x02EB	0x2A87      	GOTO       L_main39
L_main40:
;main.c,96 :: 		}
L_main38:
;main.c,97 :: 		UART1_Write_Text("\n\rTotal of bytes in the message: ");
0x02EC	0x30A0      	MOVLW      ?lstr3_main
0x02ED	0x00E7      	MOVWF      FARG_UART1_Write_Text_uart_text
0x02EE	0x2182      	CALL       _UART1_Write_Text
;main.c,98 :: 		IntToStr(i*8 + j,total);
0x02EF	0x3003      	MOVLW      3
0x02F0	0x00F0      	MOVWF      R0
0x02F1	0x0856      	MOVF       _i, 0
0x02F2	0x00E7      	MOVWF      FARG_IntToStr_input
0x02F3	0x01E8      	CLRF       FARG_IntToStr_input+1
0x02F4	0x0870      	MOVF       R0, 0
L__main57:
0x02F5	0x1903      	BTFSC      STATUS, 2
0x02F6	0x2AFC      	GOTO       L__main58
0x02F7	0x0DE7      	RLF        FARG_IntToStr_input, 1
0x02F8	0x0DE8      	RLF        FARG_IntToStr_input+1, 1
0x02F9	0x1067      	BCF        FARG_IntToStr_input, 0
0x02FA	0x3EFF      	ADDLW      255
0x02FB	0x2AF5      	GOTO       L__main57
L__main58:
0x02FC	0x085D      	MOVF       _j, 0
0x02FD	0x07E7      	ADDWF      FARG_IntToStr_input, 1
0x02FE	0x1803      	BTFSC      STATUS, 0
0x02FF	0x0AE8      	INCF       FARG_IntToStr_input+1, 1
0x0300	0x3059      	MOVLW      _total
0x0301	0x00E9      	MOVWF      FARG_IntToStr_output
0x0302	0x20D9      	CALL       _IntToStr
;main.c,99 :: 		UART1_Write_Text(total);
0x0303	0x3059      	MOVLW      _total
0x0304	0x00E7      	MOVWF      FARG_UART1_Write_Text_uart_text
0x0305	0x2182      	CALL       _UART1_Write_Text
;main.c,100 :: 		while(1);
L_main47:
0x0306	0x2B06      	GOTO       L_main47
;main.c,102 :: 		}
0x0307	0x2B07      	GOTO       $+0
; end of _main
0x0362	0x3020      	MOVLW      32
0x0363	0x0084      	MOVWF      FSR
0x0364	0x3032      	MOVLW      50
0x0365	0x1283      	BCF        STATUS, 5
0x0366	0x1303      	BCF        STATUS, 6
0x0367	0x00F0      	MOVWF      R0
0x0368	0x300D      	MOVLW      13
0x0369	0x00D2      	MOVWF      ___DoICPAddr
0x036A	0x3003      	MOVLW      3
0x036B	0x00D3      	MOVWF      83
0x036C	0x208E      	CALL       142
0x036D	0x30A0      	MOVLW      160
0x036E	0x0084      	MOVWF      FSR
0x036F	0x3022      	MOVLW      34
0x0370	0x1303      	BCF        STATUS, 6
0x0371	0x00F0      	MOVWF      R0
0x0372	0x303F      	MOVLW      63
0x0373	0x00D2      	MOVWF      ___DoICPAddr
0x0374	0x3003      	MOVLW      3
0x0375	0x00D3      	MOVWF      83
0x0376	0x208E      	CALL       142
0x0377	0x0008      	RETURN
;main.c,0 :: ?ICS?lstr1_main
0x030D	0x3445 ;?ICS?lstr1_main+0
0x030E	0x346E ;?ICS?lstr1_main+1
0x030F	0x3474 ;?ICS?lstr1_main+2
0x0310	0x3465 ;?ICS?lstr1_main+3
0x0311	0x3472 ;?ICS?lstr1_main+4
0x0312	0x3420 ;?ICS?lstr1_main+5
0x0313	0x3461 ;?ICS?lstr1_main+6
0x0314	0x3420 ;?ICS?lstr1_main+7
0x0315	0x346D ;?ICS?lstr1_main+8
0x0316	0x3465 ;?ICS?lstr1_main+9
0x0317	0x3473 ;?ICS?lstr1_main+10
0x0318	0x3473 ;?ICS?lstr1_main+11
0x0319	0x3461 ;?ICS?lstr1_main+12
0x031A	0x3467 ;?ICS?lstr1_main+13
0x031B	0x3465 ;?ICS?lstr1_main+14
0x031C	0x3420 ;?ICS?lstr1_main+15
0x031D	0x3466 ;?ICS?lstr1_main+16
0x031E	0x3472 ;?ICS?lstr1_main+17
0x031F	0x346F ;?ICS?lstr1_main+18
0x0320	0x346D ;?ICS?lstr1_main+19
0x0321	0x3420 ;?ICS?lstr1_main+20
0x0322	0x346B ;?ICS?lstr1_main+21
0x0323	0x3465 ;?ICS?lstr1_main+22
0x0324	0x3479 ;?ICS?lstr1_main+23
0x0325	0x3462 ;?ICS?lstr1_main+24
0x0326	0x346F ;?ICS?lstr1_main+25
0x0327	0x3461 ;?ICS?lstr1_main+26
0x0328	0x3472 ;?ICS?lstr1_main+27
0x0329	0x3464 ;?ICS?lstr1_main+28
0x032A	0x340A ;?ICS?lstr1_main+29
0x032B	0x340D ;?ICS?lstr1_main+30
0x032C	0x3400 ;?ICS?lstr1_main+31
; end of ?ICS?lstr1_main
;main.c,0 :: ?ICS?lstr2_main
0x032D	0x3459 ;?ICS?lstr2_main+0
0x032E	0x346F ;?ICS?lstr2_main+1
0x032F	0x3475 ;?ICS?lstr2_main+2
0x0330	0x3472 ;?ICS?lstr2_main+3
0x0331	0x3420 ;?ICS?lstr2_main+4
0x0332	0x346D ;?ICS?lstr2_main+5
0x0333	0x3465 ;?ICS?lstr2_main+6
0x0334	0x3473 ;?ICS?lstr2_main+7
0x0335	0x3473 ;?ICS?lstr2_main+8
0x0336	0x3461 ;?ICS?lstr2_main+9
0x0337	0x3467 ;?ICS?lstr2_main+10
0x0338	0x3465 ;?ICS?lstr2_main+11
0x0339	0x3420 ;?ICS?lstr2_main+12
0x033A	0x3469 ;?ICS?lstr2_main+13
0x033B	0x3473 ;?ICS?lstr2_main+14
0x033C	0x343A ;?ICS?lstr2_main+15
0x033D	0x3420 ;?ICS?lstr2_main+16
0x033E	0x3400 ;?ICS?lstr2_main+17
; end of ?ICS?lstr2_main
;main.c,0 :: ?ICS?lstr3_main
0x033F	0x340A ;?ICS?lstr3_main+0
0x0340	0x340D ;?ICS?lstr3_main+1
0x0341	0x3454 ;?ICS?lstr3_main+2
0x0342	0x346F ;?ICS?lstr3_main+3
0x0343	0x3474 ;?ICS?lstr3_main+4
0x0344	0x3461 ;?ICS?lstr3_main+5
0x0345	0x346C ;?ICS?lstr3_main+6
0x0346	0x3420 ;?ICS?lstr3_main+7
0x0347	0x346F ;?ICS?lstr3_main+8
0x0348	0x3466 ;?ICS?lstr3_main+9
0x0349	0x3420 ;?ICS?lstr3_main+10
0x034A	0x3462 ;?ICS?lstr3_main+11
0x034B	0x3479 ;?ICS?lstr3_main+12
0x034C	0x3474 ;?ICS?lstr3_main+13
0x034D	0x3465 ;?ICS?lstr3_main+14
0x034E	0x3473 ;?ICS?lstr3_main+15
0x034F	0x3420 ;?ICS?lstr3_main+16
0x0350	0x3469 ;?ICS?lstr3_main+17
0x0351	0x346E ;?ICS?lstr3_main+18
0x0352	0x3420 ;?ICS?lstr3_main+19
0x0353	0x3474 ;?ICS?lstr3_main+20
0x0354	0x3468 ;?ICS?lstr3_main+21
0x0355	0x3465 ;?ICS?lstr3_main+22
0x0356	0x3420 ;?ICS?lstr3_main+23
0x0357	0x346D ;?ICS?lstr3_main+24
0x0358	0x3465 ;?ICS?lstr3_main+25
0x0359	0x3473 ;?ICS?lstr3_main+26
0x035A	0x3473 ;?ICS?lstr3_main+27
0x035B	0x3461 ;?ICS?lstr3_main+28
0x035C	0x3467 ;?ICS?lstr3_main+29
0x035D	0x3465 ;?ICS?lstr3_main+30
0x035E	0x343A ;?ICS?lstr3_main+31
0x035F	0x3420 ;?ICS?lstr3_main+32
0x0360	0x3400 ;?ICS?lstr3_main+33
; end of ?ICS?lstr3_main
Symbol List:
//** Routines locations **
//ADDRESS    SIZE    PROCEDURE
//----------------------------------------------
0x0003      [29]    _Div_16x16_U
0x0020      [66]    _WordToStr
0x0062      [10]    _UART1_Write
0x006C       [7]    _____DoICP
0x0073      [11]    _UART1_Read
0x007E      [16]    _UART1_Init
0x008E      [12]    ___CC2DW
0x009A      [56]    _choose
0x00D2       [7]    _UART1_Data_Ready
0x00D9     [112]    _IntToStr
0x0149      [57]    _FLASH_Write
0x0182      [23]    _UART1_Write_Text
0x0199      [23]    _FLASH_Read
0x01B0     [343]    _main
//** Variables locations ** 
//ADDRESS    SIZE    VARIABLE
//----------------------------------------------
0x0000       [1]    INDF
0x0001       [1]    TMR0
0x0002       [1]    PCL
0x0003       [0]    NOT_PD_bit
0x0003       [0]    Z_bit
0x0003       [0]    NOT_TO_bit
0x0003       [0]    RP1_bit
0x0003       [0]    C_bit
0x0003       [0]    DC_bit
0x0003       [1]    STATUS
0x0003       [0]    IRP_bit
0x0003       [0]    RP0_bit
0x0004       [1]    FSR
0x0004       [1]    FSRPTR
0x0005       [0]    RA2_bit
0x0005       [1]    PORTA
0x0005       [0]    RA3_bit
0x0005       [0]    RA1_bit
0x0005       [0]    RA4_bit
0x0005       [0]    RA0_bit
0x0005       [0]    RA5_bit
0x0006       [1]    PORTB
0x0006       [0]    RB2_bit
0x0006       [0]    RB3_bit
0x0006       [0]    RB0_bit
0x0006       [0]    RB1_bit
0x0006       [0]    RB4_bit
0x0006       [0]    RB7_bit
0x0006       [0]    RB6_bit
0x0006       [0]    RB5_bit
0x0007       [0]    RC2_bit
0x0007       [0]    RC3_bit
0x0007       [0]    RC0_bit
0x0007       [0]    RC1_bit
0x0007       [0]    RC4_bit
0x0007       [0]    RC7_bit
0x0007       [1]    PORTC
0x0007       [0]    RC5_bit
0x0007       [0]    RC6_bit
0x0008       [0]    RD2_bit
0x0008       [0]    RD3_bit
0x0008       [0]    RD0_bit
0x0008       [0]    RD1_bit
0x0008       [0]    RD4_bit
0x0008       [0]    RD7_bit
0x0008       [1]    PORTD
0x0008       [0]    RD5_bit
0x0008       [0]    RD6_bit
0x0009       [0]    RE0_bit
0x0009       [0]    RE1_bit
0x0009       [0]    RE2_bit
0x0009       [1]    PORTE
0x000A       [1]    PCLATH
0x000B       [0]    RBIE_bit
0x000B       [0]    T0IF_bit
0x000B       [0]    TMR0IF_bit
0x000B       [0]    PEIE_bit
0x000B       [0]    GIE_bit
0x000B       [1]    INTCON
0x000B       [0]    INTE_bit
0x000B       [0]    TMR0IE_bit
0x000B       [0]    T0IE_bit
0x000B       [0]    INTF_bit
0x000B       [0]    RBIF_bit
0x000C       [0]    TMR1IF_bit
0x000C       [0]    RCIF_bit
0x000C       [0]    ADIF_bit
0x000C       [0]    SSPIF_bit
0x000C       [0]    CCP1IF_bit
0x000C       [0]    TXIF_bit
0x000C       [1]    PIR1
0x000C       [0]    PSPIF_bit
0x000C       [0]    TMR2IF_bit
0x000D       [1]    PIR2
0x000D       [0]    CMIF_bit
0x000D       [0]    EEIF_bit
0x000D       [0]    CCP2IF_bit
0x000D       [0]    BCLIF_bit
0x000E       [1]    TMR1L
0x000F       [1]    TMR1H
0x0010       [0]    T1CKPS1_bit
0x0010       [0]    T1SYNC_bit
0x0010       [0]    NOT_T1SYNC_bit
0x0010       [1]    T1CON
0x0010       [0]    TMR1ON_bit
0x0010       [0]    T1INSYNC_bit
0x0010       [0]    T1CKPS0_bit
0x0010       [0]    T1OSCEN_bit
0x0010       [0]    TMR1CS_bit
0x0011       [1]    TMR2
0x0012       [0]    TOUTPS1_bit
0x0012       [1]    T2CON
0x0012       [0]    T2CKPS0_bit
0x0012       [0]    T2CKPS1_bit
0x0012       [0]    TOUTPS2_bit
0x0012       [0]    TOUTPS3_bit
0x0012       [0]    TMR2ON_bit
0x0012       [0]    TOUTPS0_bit
0x0013       [1]    SSPBUF
0x0014       [1]    SSPCON
0x0014       [0]    WCOL_bit
0x0014       [0]    SSPM1_bit
0x0014       [0]    SSPEN_bit
0x0014       [0]    SSPM0_bit
0x0014       [0]    SSPM2_bit
0x0014       [0]    SSPM3_bit
0x0014       [0]    CKP_bit
0x0014       [0]    SSPOV_bit
0x0015       [2]    CCPR1
0x0015       [1]    CCPR1L
0x0016       [1]    CCPR1H
0x0017       [0]    CCP1M3_bit
0x0017       [0]    CCP1M0_bit
0x0017       [0]    CCP1M1_bit
0x0017       [0]    CCP1M2_bit
0x0017       [1]    CCP1CON
0x0017       [0]    CCP1Y_bit
0x0017       [0]    CCP1X_bit
0x0018       [0]    OERR_bit
0x0018       [0]    RX9_bit
0x0018       [0]    FERR_bit
0x0018       [0]    RCD8_bit
0x0018       [0]    RX9D_bit
0x0018       [0]    SPEN_bit
0x0018       [0]    ADDEN_bit
0x0018       [0]    RC8_9_bit
0x0018       [0]    CREN_bit
0x0018       [0]    SREN_bit
0x0018       [1]    RCSTA
0x0018       [0]    NOT_RC8_bit
0x0018       [0]    RC9_bit
0x0019       [1]    TXREG
0x001A       [1]    RCREG
0x001B       [1]    CCPR2L
0x001B       [2]    CCPR2
0x001C       [1]    CCPR2H
0x001D       [1]    CCP2CON
0x001D       [0]    CCP2M2_bit
0x001D       [0]    CCP2M3_bit
0x001D       [0]    CCP2M0_bit
0x001D       [0]    CCP2M1_bit
0x001D       [0]    CCP2Y_bit
0x001D       [0]    CCP2X_bit
0x001E       [1]    ADRESH
0x001F       [0]    GO_bit
0x001F       [0]    NOT_DONE_bit
0x001F       [0]    CHS0_bit
0x001F       [0]    CHS2_bit
0x001F       [0]    CHS1_bit
0x001F       [0]    GO_DONE_bit
0x001F       [0]    ADCS1_bit
0x001F       [0]    ADON_bit
0x001F       [1]    ADCON0
0x001F       [0]    ADCS0_bit
0x0020      [32]    ?lstr1_main
0x0040      [18]    ?lstr2_main
0x0052       [2]    ___DoICPAddr
0x0054       [2]    _addr
0x0056       [1]    _i
0x0057       [2]    _data_
0x0059       [3]    _total
0x005C       [1]    _k
0x005D       [1]    _j
0x005E       [1]    _uart_rd
0x005F       [8]    _dat_uart
0x0067       [1]    FARG_UART1_Write_Text_uart_text
0x0067       [2]    FARG_FLASH_Read_address
0x0067       [1]    FARG_choose_m
0x0067       [2]    FARG_FLASH_Write_address
0x0067       [2]    FARG_IntToStr_input
0x0068       [1]    UART1_Write_Text_data__L0
0x0069       [1]    UART1_Write_Text_counter_L0
0x0069       [1]    FARG_IntToStr_output
0x0069       [1]    FARG_FLASH_Write_data_
0x006A       [2]    IntToStr_i_L0
0x006C       [2]    IntToStr_negative_L0
0x006E       [2]    IntToStr_inword_L0
0x0070       [1]    R0
0x0071       [1]    R1
0x0072       [1]    R2
0x0073       [1]    R3
0x0074       [1]    R4
0x0075       [1]    R5
0x0076       [1]    R6
0x0077       [1]    R7
0x0078       [1]    R8
0x0079       [1]    R9
0x007A       [1]    R10
0x007B       [1]    R11
0x007C       [1]    R12
0x007D       [1]    R13
0x007E       [1]    R14
0x007F       [1]    R15
0x0081       [0]    PSA_bit
0x0081       [0]    PS0_bit
0x0081       [0]    PS1_bit
0x0081       [0]    PS2_bit
0x0081       [1]    OPTION_REG
0x0081       [0]    INTEDG_bit
0x0081       [0]    T0CS_bit
0x0081       [0]    NOT_RBPU_bit
0x0081       [0]    T0SE_bit
0x0085       [0]    TRISA0_bit
0x0085       [0]    TRISA2_bit
0x0085       [0]    TRISA1_bit
0x0085       [0]    TRISA5_bit
0x0085       [1]    TRISA
0x0085       [0]    TRISA3_bit
0x0085       [0]    TRISA4_bit
0x0086       [1]    TRISB
0x0086       [0]    TRISB3_bit
0x0086       [0]    TRISB4_bit
0x0086       [0]    TRISB2_bit
0x0086       [0]    TRISB0_bit
0x0086       [0]    TRISB1_bit
0x0086       [0]    TRISB6_bit
0x0086       [0]    TRISB7_bit
0x0086       [0]    TRISB5_bit
0x0087       [0]    TRISC6_bit
0x0087       [0]    TRISC7_bit
0x0087       [1]    TRISC
0x0087       [0]    TRISC2_bit
0x0087       [0]    TRISC1_bit
0x0087       [0]    TRISC0_bit
0x0087       [0]    TRISC5_bit
0x0087       [0]    TRISC4_bit
0x0087       [0]    TRISC3_bit
0x0088       [0]    TRISD2_bit
0x0088       [0]    TRISD3_bit
0x0088       [0]    TRISD0_bit
0x0088       [0]    TRISD1_bit
0x0088       [0]    TRISD6_bit
0x0088       [0]    TRISD7_bit
0x0088       [0]    TRISD4_bit
0x0088       [0]    TRISD5_bit
0x0088       [1]    TRISD
0x0089       [0]    TRISE1_bit
0x0089       [0]    TRISE2_bit
0x0089       [0]    IBOV_bit
0x0089       [0]    TRISE0_bit
0x0089       [0]    OBF_TRISE_bit
0x0089       [0]    IBF_TRISE_bit
0x0089       [0]    PSPMODE_TRISE_bit
0x0089       [0]    IBOV_TRISE_bit
0x0089       [0]    OBF_bit
0x0089       [0]    IBF_bit
0x0089       [1]    TRISE
0x0089       [0]    PSPMODE_bit
0x008C       [0]    TMR2IE_bit
0x008C       [1]    PIE1
0x008C       [0]    TMR1IE_bit
0x008C       [0]    RCIE_bit
0x008C       [0]    ADIE_bit
0x008C       [0]    PSPIE_bit
0x008C       [0]    TXIE_bit
0x008C       [0]    SSPIE_bit
0x008C       [0]    CCP1IE_bit
0x008D       [0]    BCLIE_bit
0x008D       [1]    PIE2
0x008D       [0]    EEIE_bit
0x008D       [0]    CMIE_bit
0x008D       [0]    CCP2IE_bit
0x008E       [1]    PCON
0x008E       [0]    NOT_BO_bit
0x008E       [0]    NOT_BOR_bit
0x008E       [0]    NOT_POR_bit
0x0091       [0]    PEN_bit
0x0091       [0]    RCEN_bit
0x0091       [0]    SEN_bit
0x0091       [0]    RSEN_bit
0x0091       [0]    ACKEN_bit
0x0091       [0]    GCEN_bit
0x0091       [1]    SSPCON2
0x0091       [0]    ACKDT_bit
0x0091       [0]    ACKSTAT_bit
0x0092       [1]    PR2
0x0093       [1]    SSPADD
0x0094       [0]    DATA_ADDRESS_bit
0x0094       [0]    NOT_A_bit
0x0094       [0]    I2C_START__bit
0x0094       [0]    SMP_bit
0x0094       [0]    S_bit
0x0094       [0]    I2C_STOP__bit
0x0094       [0]    NOT_WRITE_bit
0x0094       [0]    D_A_bit
0x0094       [0]    I2C_DATA_bit
0x0094       [0]    R_W_bit
0x0094       [0]    I2C_READ_bit
0x0094       [0]    BF_bit
0x0094       [0]    D_bit
0x0094       [1]    SSPSTAT
0x0094       [0]    NOT_W_bit
0x0094       [0]    CKE_bit
0x0094       [0]    NOT_ADDRESS_bit
0x0094       [0]    UA_bit
0x0094       [0]    P_bit
0x0094       [0]    R_bit
0x0094       [0]    READ_WRITE_bit
0x0098       [0]    TX9D_bit
0x0098       [0]    TXD8_bit
0x0098       [0]    TRMT_bit
0x0098       [0]    SYNC_bit
0x0098       [0]    BRGH_bit
0x0098       [0]    NOT_TX8_bit
0x0098       [0]    TX9_bit
0x0098       [1]    TXSTA
0x0098       [0]    CSRC_bit
0x0098       [0]    TXEN_bit
0x0098       [0]    TX8_9_bit
0x0099       [1]    SPBRG
0x009C       [1]    CMCON
0x009C       [0]    C2INV_bit
0x009C       [0]    C1INV_bit
0x009C       [0]    C2OUT_bit
0x009C       [0]    C1OUT_bit
0x009C       [0]    CIS_bit
0x009C       [0]    CM0_bit
0x009C       [0]    CM1_bit
0x009C       [0]    CM2_bit
0x009D       [0]    CVROE_bit
0x009D       [0]    CVRR_bit
0x009D       [0]    CVR1_bit
0x009D       [0]    CVR0_bit
0x009D       [0]    CVREN_bit
0x009D       [0]    CVR2_bit
0x009D       [1]    CVRCON
0x009D       [0]    CVR3_bit
0x009E       [1]    ADRESL
0x009F       [0]    PCFG3_bit
0x009F       [0]    ADCS2_bit
0x009F       [0]    ADFM_bit
0x009F       [0]    PCFG0_bit
0x009F       [0]    PCFG1_bit
0x009F       [0]    PCFG2_bit
0x009F       [1]    ADCON1
0x00A0      [34]    ?lstr3_main
0x00C2       [2]    FARG_WordToStr_input
0x00C2       [1]    FARG_UART1_Write_data_
0x00C4       [1]    FARG_WordToStr_output
0x00C5       [1]    WordToStr_len_L0
0x00C6       [1]    FLOC__WordToStr
0x010C       [1]    EEDATA
0x010D       [1]    EEADR
0x010E       [1]    EEDATH
0x010F       [1]    EEADRH
0x018C       [0]    WREN_bit
0x018C       [0]    WR_bit
0x018C       [0]    RD_bit
0x018C       [1]    EECON1
0x018C       [0]    EEPGD_bit
0x018C       [0]    WRERR_bit
0x018D       [1]    EECON2
//** Constants locations ** 
//ADDRESS    SIZE    CONSTANT
//----------------------------------------------
0x030D      [32]    ?ICS?lstr1_main
0x032D      [18]    ?ICS?lstr2_main
0x033F      [34]    ?ICS?lstr3_main
//** Label List: ** 
//----------------------------------------------
  L_choose0
  L_choose1
  L_choose2
  L_choose3
  L_choose4
  L_choose5
  L_choose6
  L_choose7
  L_choose8
  L_choose9
  L_choose10
  L_choose11
  L_choose12
  L_choose13
  L_main14
  L_main15
  L_main16
  L_main17
  L_main18
  L_main19
  L_main20
  L_main21
  L_main22
  ___main_Revieve_data
  L_main23
  L_main24
  L_main25
  L_main26
  L_main27
  L_main28
  L_main29
  L_main30
  L_main31
  L_main32
  L_main33
  L_main34
  L_main35
  L_main36
  L_main37
  L_main38
  L_main39
  L_main40
  L_main41
  L_main42
  L_main43
  L_main44
  L_main45
  L_main46
  L_main47
  L_main48
  L__choose49
  L__choose50
  L__choose51
  L__main52
  L__main53
  _choose
  _main
  L__main54
  L__main55
  L__main56
  L__main57
  L__main58
  L_ByteToStr0
  L_ByteToStr1
  L_ByteToStr2
  L_ByteToStr3
  L_ByteToStr4
  L_ByteToStr5
  L_WordToStr6
  L_WordToStr7
  L_WordToStr8
  L_WordToStr9
  L_WordToStr10
  L_WordToStr11
  L_WordToStrWithZeros12
  L_WordToStrWithZeros13
  L_WordToStrWithZeros14
  L_WordToStrWithZeros15
  L_WordToStrWithZeros16
  L_ShortToStr17
  L_ShortToStr18
  L_ShortToStr19
  L_ShortToStr20
  L_ShortToStr21
  L_ShortToStr22
  L_IntToStr23
  L_IntToStr24
  L_IntToStr25
  L_IntToStr26
  L_IntToStr27
  L_IntToStr28
  L_IntToStrWithZeros29
  L_IntToStrWithZeros30
  L_IntToStrWithZeros31
  L_IntToStrWithZeros32
  L_IntToStrWithZeros33
  L_IntToStrWithZeros34
  L_IntToStrWithZeros35
  L_IntToStrWithZeros36
  L_LongWordToStr37
  L_LongWordToStr38
  L_LongWordToStr39
  L_LongWordToStr40
  L_LongWordToStr41
  L_LongWordToStr42
  L_LongWordToStrWithZeros43
  L_LongWordToStrWithZeros44
  L_LongWordToStrWithZeros45
  L_LongWordToStrWithZeros46
  L_LongWordToStrWithZeros47
  L_LongToStr48
  L_LongToStr49
  L_LongToStr50
  L_LongToStr51
  L_LongToStr52
  L_LongToStr53
  L_LongIntToStrWithZeros54
  L_LongIntToStrWithZeros55
  L_LongIntToStrWithZeros56
  L_LongIntToStrWithZeros57
  L_LongIntToStrWithZeros58
  L_LongIntToStrWithZeros59
  L_LongIntToStrWithZeros60
  L_LongIntToStrWithZeros61
  L_Dec2Bcd62
  L_Dec2Bcd63
  L_Rtrim64
  L_Rtrim65
  L_Ltrim66
  L_Ltrim67
  L_Ltrim68
  L_Ltrim69
  L_Ltrim70
  L_Ltrim71
  L_FloatToStr72
  L_FloatToStr73
  L_FloatToStr74
  L_FloatToStr75
  L_FloatToStr76
  L_FloatToStr77
  L_FloatToStr78
  L_FloatToStr79
  L_FloatToStr80
  L_FloatToStr81
  L_FloatToStr82
  L_FloatToStr83
  L_FloatToStr84
  L_FloatToStr85
  L_FloatToStr86
  L_FloatToStr87
  L_FloatToStr88
  L_FloatToStr89
  L_FloatToStr90
  L_FloatToStr91
  L_FloatToStr92
  L_FloatToStr93
  L__Ltrim94
  L__FloatToStr95
  _ByteToHex
  _ShortToHex
  _WordToHex
  _IntToHex
  _LongWordToHex
  _LongIntToHex
  _ByteToStr
  _WordToStr
  L__WordToStr96
  _WordToStrWithZeros
  L__WordToStrWithZeros97
  _ShortToStr
  L__ShortToStr98
  _IntToStr
  L__IntToStr99
  L__IntToStr100
  _IntToStrWithZeros
  L__IntToStrWithZeros101
  L__IntToStrWithZeros102
  L__IntToStrWithZeros103
  _LongWordToStr
  L__LongWordToStr104
  L__LongWordToStr105
  _LongWordToStrWithZeros
  L__LongWordToStrWithZeros106
  _LongToStr
  L__LongToStr107
  L__LongToStr108
  _LongIntToStrWithZeros
  L__LongIntToStrWithZeros109
  L__LongIntToStrWithZeros110
  L__LongIntToStrWithZeros111
  _Dec2Bcd
  _Bcd2Dec
  _Bcd2Dec16
  L__Bcd2Dec16112
  L__Bcd2Dec16113
  _Dec2Bcd16
  L__Dec2Bcd16114
  L__Dec2Bcd16115
  _Rtrim
  _Ltrim
  _FloatToStr
  L__FloatToStr116
  L__FloatToStr117
  L__FloatToStr118
  L__FloatToStr119
  L__FloatToStr120
  L_FLASH_Write0
  L_FLASH_Write1
  L_FLASH_Write2
  _FLASH_Read
  _FLASH_Write
  L__FLASH_Write3
  L__FLASH_Write4
  L_Div_16x16_S0
  L_Div_16x16_S1
  LOOPS3232A
  SADD22LA
  SOK22LA
  SADD22L8
  SOK22L8
  LOOPS3232B
  SADD22LB
  SOK22LB
  SADD22L16
  SOK22L16
  LOOPS3232C
  SADD22LC
  SOK22LC
  SADD22L24
  SOK22L24
  LOOPS3232D
  SADD22LD
  SOK22LD
  SOK22L
  L_Div_32x32_S6
  L_Div_32x32_S7
  L_Div_32x32_S8
  L_Div_32x32_S9
  FXD3232S
  END_ALL
  CA3232S
  C3232SX
  C3232SX1
  C3232S
  C3232S2
  C3232SX4
  C3232SOK
  C3232SX3
  C3232SX2
  avoid_comfrem
  LOOPU3232A
  UADD22LA
  UOK22LA
  UADD22L8
  UOK22L8
  LOOPU3232B
  UADD22LB
  UOK22LB
  UADD22L16
  UOK22L16
  LOOPU3232C
  UADD22LC
  UOK22LC
  UADD22L24
  UOK22L24
  LOOPU3232D
  UADD22LD
  UOK22LD
  UOK22L
  _NEXT
  _EXIT2
  _LOOP
  _EXIT1
  _IF_FIRST
  _IF_SECOND
  _INVERCE_FIRST
  _MULT
  _INBERSE_SECOND
  _EXIT
  _Mul_8x8_U
  _Mul_16x16_U
  _Div_8x8_U
  _Div_16x16_U
  _Mul_8x8_S
  _Mul_16x16_S
  _Div_16x16_S_L
  _Div_16x16_S
  _Div_8x8_S
  _SDIV3232L
  _COMFREM
  _Div_32x32_S
  _Div_32x32_U
  _Mul_32x32_U
  _Mul_32x32_S
  _CC2D_Loop1
  _____DoICP
  _____DoIFC
  ___CC2DW
  _Swap
  L_UART1_Init0
  L_UART1_Init1
  L_UART1_Read2
  L_UART1_Write3
  L_UART1_Write4
  L_UART1_Write_Text5
  L_UART1_Write_Text6
  L_UART1_Read_Text7
  L_UART1_Read_Text8
  L_UART1_Read_Text9
  L_UART1_Read_Text10
  L_UART1_Read_Text11
  L_UART1_Read_Text12
  L_UART1_Read_Text13
  L_UART1_Read_Text14
  L_UART1_Read_Text15
  _UART1_Init
  _UART1_Data_Ready
  _UART1_Read
  _UART1_Tx_Idle
  _UART1_Write
  _UART1_Write_Text
  _UART1_Read_Text
